<?xml version="1.0" encoding="UTF-8"?>
<!-- Generated by org.testng.reporters.JUnitReportReporter -->
<testsuite skipped="0" hostname="K-ASHIK-L1" name="testngXML.testNgXML1" tests="2" failures="0" timestamp="30 Dec 2020 12:34:18 GMT" time="0.014" errors="0">
  <testcase name="firstTestCase" time="0.011" classname="testngXML.testNgXML1"/>
  <testcase name="secondTestCase" time="0.003" classname="testngXML.testNgXML1"/>
</testsuite> <!-- testngXML.testNgXML1 -->
