<?xml version="1.0" encoding="UTF-8"?>
<!-- Generated by org.testng.reporters.JUnitReportReporter -->
<testsuite skipped="0" hostname="K-ASHIK-L1" name="parallelExecutionOfTestMethods.parallelWithTestNG" tests="2" failures="0" timestamp="05 Jan 2021 09:38:37 GMT" time="0.034" errors="0">
  <testcase name="testCaseOne" time="0.017" classname="parallelExecutionOfTestMethods.parallelWithTestNG"/>
  <testcase name="testCaseTwo" time="0.017" classname="parallelExecutionOfTestMethods.parallelWithTestNG"/>
</testsuite> <!-- parallelExecutionOfTestMethods.parallelWithTestNG -->
