<?xml version="1.0" encoding="UTF-8"?>
<!-- Generated by org.testng.reporters.JUnitReportReporter -->
<testsuite skipped="0" hostname="K-ASHIK-L1" name="parameterizationIntestNG.parameterizationTestNG" tests="2" failures="0" timestamp="05 Jan 2021 09:10:52 GMT" time="0.013" errors="0">
  <testcase name="testCaseOne" time="0.010" classname="parameterizationIntestNG.parameterizationTestNG"/>
  <testcase name="testCaseTwo" time="0.003" classname="parameterizationIntestNG.parameterizationTestNG"/>
</testsuite> <!-- parameterizationIntestNG.parameterizationTestNG -->
