<?xml version="1.0" encoding="UTF-8"?>
<!-- Generated by org.testng.reporters.JUnitReportReporter -->
<testsuite skipped="2" hostname="K-ASHIK-L1" name="testngException.testNgSkipException" tests="3" failures="0" timestamp="31 Dec 2020 05:40:17 GMT" time="0.020" errors="0">
  <testcase name="testCaseSkipException" time="0.005" classname="testngException.testNgSkipException">
    <skipped/>
  </testcase> <!-- testCaseSkipException -->
  <testcase name="testCaseConditionalSkipException" time="0.015" classname="testngException.testNgSkipException"/>
  <testcase name="testCaseEnabling" classname="testngException.testNgSkipException">
    <skipped/>
  </testcase> <!-- testCaseEnabling -->
</testsuite> <!-- testngException.testNgSkipException -->
