<?xml version="1.0" encoding="UTF-8"?>
<!-- Generated by org.testng.reporters.JUnitReportReporter -->
<testsuite skipped="0" hostname="K-ASHIK-L1" name="testNgPriority.testCasePriority" tests="3" failures="0" timestamp="31 Dec 2020 08:57:44 GMT" time="0.014" errors="0">
  <testcase name="Registration" time="0.009" classname="testNgPriority.testCasePriority"/>
  <testcase name="Email" time="0.003" classname="testNgPriority.testCasePriority"/>
  <testcase name="Login" time="0.002" classname="testNgPriority.testCasePriority"/>
</testsuite> <!-- testNgPriority.testCasePriority -->
