<?xml version="1.0" encoding="UTF-8"?>
<!-- Generated by org.testng.reporters.JUnitReportReporter -->
<testsuite skipped="0" hostname="K-ASHIK-L1" name="multipleTestsWithTestNG.Entry.EditTestCase" tests="1" failures="0" timestamp="05 Jan 2021 09:10:52 GMT" time="0.002" errors="0">
  <testcase name="editLocationTestCase" time="0.002" classname="multipleTestsWithTestNG.Entry.EditTestCase"/>
</testsuite> <!-- multipleTestsWithTestNG.Entry.EditTestCase -->
