<?xml version="1.0" encoding="UTF-8"?>
<!-- Generated by org.testng.reporters.JUnitReportReporter -->
<testsuite skipped="0" hostname="K-ASHIK-L1" name="parallelExecutionOfClasses.TestParallelClassTwo" tests="2" failures="0" timestamp="05 Jan 2021 11:15:03 GMT" time="0.020" errors="0">
  <testcase name="testCaseOne" time="0.015" classname="parallelExecutionOfClasses.TestParallelClassTwo"/>
  <testcase name="testCaseTwo" time="0.005" classname="parallelExecutionOfClasses.TestParallelClassTwo"/>
</testsuite> <!-- parallelExecutionOfClasses.TestParallelClassTwo -->
