<?xml version="1.0" encoding="UTF-8"?>
<!-- Generated by org.testng.reporters.JUnitReportReporter -->
<testsuite skipped="0" hostname="K-ASHIK-L1" name="testngIntro" tests="3" failures="0" timestamp="30 Dec 2020 07:56:25 GMT" time="0.024" errors="0">
  <testcase name="testCase03" time="0.004" classname="testngIntro"/>
  <testcase name="testCase01" time="0.006" classname="testngIntro"/>
  <testcase name="testCase02" time="0.014" classname="testngIntro"/>
</testsuite> <!-- testngIntro -->
