<?xml version="1.0" encoding="UTF-8"?>
<!-- Generated by org.testng.reporters.JUnitReportReporter -->
<testsuite skipped="0" hostname="K-ASHIK-L1" name="multipleTestsWithTestNG.Record.addUserTestCase" tests="1" failures="0" timestamp="05 Jan 2021 06:39:14 GMT" time="0.004" errors="0">
  <testcase name="addUserTest" time="0.004" classname="multipleTestsWithTestNG.Record.addUserTestCase"/>
</testsuite> <!-- multipleTestsWithTestNG.Record.addUserTestCase -->
