<?xml version="1.0" encoding="UTF-8"?>
<!-- Generated by org.testng.reporters.JUnitReportReporter -->
<testsuite skipped="0" hostname="K-ASHIK-L1" name="multipleTestsWithTestNG.Entry.AddTestCase" tests="2" failures="0" timestamp="05 Jan 2021 09:10:52 GMT" time="0.004" errors="0">
  <testcase name="addDepartmentTestCase" time="0.003" classname="multipleTestsWithTestNG.Entry.AddTestCase"/>
  <testcase name="addLocationTestCase" time="0.001" classname="multipleTestsWithTestNG.Entry.AddTestCase"/>
</testsuite> <!-- multipleTestsWithTestNG.Entry.AddTestCase -->
