<?xml version="1.0" encoding="UTF-8"?>
<!-- Generated by org.testng.reporters.JUnitReportReporter -->
<testsuite skipped="0" hostname="K-ASHIK-L1" name="testngXML2.testNgGroup" tests="2" failures="0" timestamp="31 Dec 2020 04:41:48 GMT" time="0.012" errors="0">
  <testcase name="testCaseOne" time="0.009" classname="testngXML2.testNgGroup"/>
  <testcase name="testCaseTwo" time="0.003" classname="testngXML2.testNgGroup"/>
</testsuite> <!-- testngXML2.testNgGroup -->
