<?xml version="1.0" encoding="UTF-8"?>
<!-- Generated by org.testng.reporters.JUnitReportReporter -->
<testsuite skipped="0" hostname="K-ASHIK-L1" name="multipleTestsWithTestNG.Entry.AddTestCase" tests="2" failures="0" timestamp="05 Jan 2021 06:39:14 GMT" time="0.014" errors="0">
  <testcase name="addLocationTestCase" time="0.012" classname="multipleTestsWithTestNG.Entry.AddTestCase"/>
  <testcase name="addDepartmentTestCase" time="0.002" classname="multipleTestsWithTestNG.Entry.AddTestCase"/>
</testsuite> <!-- multipleTestsWithTestNG.Entry.AddTestCase -->
