<?xml version="1.0" encoding="UTF-8"?>
<!-- Generated by org.testng.reporters.JUnitReportReporter -->
<testsuite skipped="0" hostname="K-ASHIK-L1" name="dataProvider" tests="3" failures="0" timestamp="30 Dec 2020 11:02:49 GMT" time="0.016" errors="0">
  <testcase name="setData" time="0.003" classname="dataProvider"/>
  <testcase name="setData" time="0.010" classname="dataProvider"/>
  <testcase name="setData" time="0.003" classname="dataProvider"/>
</testsuite> <!-- dataProvider -->
