<?xml version="1.0" encoding="UTF-8"?>
<!-- Generated by org.testng.reporters.JUnitReportReporter -->
<testsuite skipped="0" hostname="K-ASHIK-L1" name="preserveOrderTestNG.classTwo" tests="2" failures="0" timestamp="05 Jan 2021 11:42:17 GMT" time="0.026" errors="0">
  <testcase name="testCaseOne" time="0.002" classname="preserveOrderTestNG.classTwo"/>
  <testcase name="testCaseTwo" time="0.024" classname="preserveOrderTestNG.classTwo"/>
</testsuite> <!-- preserveOrderTestNG.classTwo -->
