<?xml version="1.0" encoding="UTF-8"?>
<!-- Generated by org.testng.reporters.JUnitReportReporter -->
<testsuite skipped="0" hostname="K-ASHIK-L1" name="testngXML2.testNgXML3" tests="2" failures="0" timestamp="30 Dec 2020 12:34:18 GMT" time="0.008" errors="0">
  <testcase name="firstTestCase" time="0.002" classname="testngXML2.testNgXML3"/>
  <testcase name="secondTestCase" time="0.006" classname="testngXML2.testNgXML3"/>
</testsuite> <!-- testngXML2.testNgXML3 -->
