<?xml version="1.0" encoding="UTF-8"?>
<!-- Generated by org.testng.reporters.JUnitReportReporter -->
<testsuite skipped="0" hostname="K-ASHIK-L1" name="parallelExecutionOfClasses.TestParallelClassOne" tests="2" failures="0" timestamp="05 Jan 2021 11:15:03 GMT" time="0.021" errors="0">
  <testcase name="testCaseTwo" time="0.006" classname="parallelExecutionOfClasses.TestParallelClassOne"/>
  <testcase name="testCaseOne" time="0.015" classname="parallelExecutionOfClasses.TestParallelClassOne"/>
</testsuite> <!-- parallelExecutionOfClasses.TestParallelClassOne -->
