<?xml version="1.0" encoding="UTF-8"?>
<!-- Generated by org.testng.reporters.JUnitReportReporter -->
<testsuite skipped="1" hostname="K-ASHIK-L1" name="passingDataToDataProviderFromExcelSheet.DataProviderWithExcel_002" tests="1" failures="0" timestamp="09 Jan 2021 04:55:17 GMT" time="0.000" errors="0">
  <testcase name="f" time="0.000" classname="passingDataToDataProviderFromExcelSheet.DataProviderWithExcel_002">
    <skipped/>
  </testcase> <!-- f -->
</testsuite> <!-- passingDataToDataProviderFromExcelSheet.DataProviderWithExcel_002 -->
